# JRE version: OpenJDK Runtime Environment Temurin-21.0.11+10 (21.0.11+10) (build 21.0.11+10-LTS)
# Java VM: OpenJDK 64-Bit Server VM Temurin-21.0.11+10 (21.0.11+10-LTS, mixed mode, sharing, tiered, compressed oops, compressed class ptrs, parallel gc, windows-amd64)
GC Precious Log:
 CardTable entry size: 512
 CPUs: 12 total, 12 available
 Memory: 16121M
 Large Page Support: Disabled
 NUMA Support: Disabled
 Compressed Oops: Enabled (32-bit)
 Alignments: Space 512K, Generation 512K, Heap 2M
 Heap Min Capacity: 100M
 Heap Initial Capacity: 100M
 Heap Max Capacity: 2G
 Pre-touch: Disabled
 Parallel Workers: 10
Heap:
 PSYoungGen      total 17920K, used 11538K [0x00000000d5580000, 0x00000000d6a00000, 0x0000000100000000)
  eden space 16896K, 64% used [0x00000000d5580000,0x00000000d602c8b8,0x00000000d6600000)
  from space 1024K, 59% used [0x00000000d6600000,0x00000000d6698000,0x00000000d6700000)
  to   space 1024K, 0% used [0x00000000d6900000,0x00000000d6900000,0x00000000d6a00000)
 ParOldGen       total 68608K, used 40119K [0x0000000080000000, 0x0000000084300000, 0x00000000d5580000)
  object space 68608K, 58% used [0x0000000080000000,0x000000008272de80,0x0000000084300000)
 Metaspace       used 56183K, committed 57536K, reserved 1114112K
  class space    used 6654K, committed 7232K, reserved 1048576K
GC Heap History (20 events):
Event: 33.161 GC heap before
{Heap before GC invocations=20 (full 2):
 PSYoungGen      total 23552K, used 23424K [0x00000000d5580000, 0x00000000d6e80000, 0x0000000100000000)
  eden space 22016K, 100% used [0x00000000d5580000,0x00000000d6b00000,0x00000000d6b00000)
  from space 1536K, 91% used [0x00000000d6c00000,0x00000000d6d60000,0x00000000d6d80000)
  to   space 1024K, 0% used [0x00000000d6d80000,0x00000000d6d80000,0x00000000d6e80000)
 ParOldGen       total 68608K, used 21488K [0x0000000080000000, 0x0000000084300000, 0x00000000d5580000)
  object space 68608K, 31% used [0x0000000080000000,0x00000000814fc010,0x0000000084300000)
 Metaspace       used 44908K, committed 46080K, reserved 1114112K
  class space    used 4924K, committed 5440K, reserved 1048576K
}
Event: 33.163 GC heap after
{Heap after GC invocations=20 (full 2):
 PSYoungGen      total 22528K, used 1019K [0x00000000d5580000, 0x00000000d7100000, 0x0000000100000000)
  eden space 21504K, 0% used [0x00000000d5580000,0x00000000d5580000,0x00000000d6a80000)
  from space 1024K, 99% used [0x00000000d6d80000,0x00000000d6e7ee98,0x00000000d6e80000)
  to   space 3072K, 0% used [0x00000000d6a80000,0x00000000d6a80000,0x00000000d6d80000)
 ParOldGen       total 68608K, used 23016K [0x0000000080000000, 0x0000000084300000, 0x00000000d5580000)
  object space 68608K, 33% used [0x0000000080000000,0x000000008167a030,0x0000000084300000)
 Metaspace       used 44908K, committed 46080K, reserved 1114112K
  class space    used 4924K, committed 5440K, reserved 1048576K
}
Event: 33.718 GC heap before
{Heap before GC invocations=21 (full 2):
 PSYoungGen      total 22528K, used 22523K [0x00000000d5580000, 0x00000000d7100000, 0x0000000100000000)
  eden space 21504K, 100% used [0x00000000d5580000,0x00000000d6a80000,0x00000000d6a80000)
  from space 1024K, 99% used [0x00000000d6d80000,0x00000000d6e7ee98,0x00000000d6e80000)
  to   space 3072K, 0% used [0x00000000d6a80000,0x00000000d6a80000,0x00000000d6d80000)
 ParOldGen       total 68608K, used 23016K [0x0000000080000000, 0x0000000084300000, 0x00000000d5580000)
  object space 68608K, 33% used [0x0000000080000000,0x000000008167a030,0x0000000084300000)
 Metaspace       used 46840K, committed 48064K, reserved 1114112K
  class space    used 5124K, committed 5632K, reserved 1048576K
}
Event: 33.720 GC heap after
{Heap after GC invocations=21 (full 2):
 PSYoungGen      total 22528K, used 800K [0x00000000d5580000, 0x00000000d6e00000, 0x0000000100000000)
  eden space 21504K, 0% used [0x00000000d5580000,0x00000000d5580000,0x00000000d6a80000)
  from space 1024K, 78% used [0x00000000d6a80000,0x00000000d6b48000,0x00000000d6b80000)
  to   space 1536K, 0% used [0x00000000d6c80000,0x00000000d6c80000,0x00000000d6e00000)
 ParOldGen       total 68608K, used 24004K [0x0000000080000000, 0x0000000084300000, 0x00000000d5580000)
  object space 68608K, 34% used [0x0000000080000000,0x00000000817711f8,0x0000000084300000)
 Metaspace       used 46840K, committed 48064K, reserved 1114112K
  class space    used 5124K, committed 5632K, reserved 1048576K
}
Event: 34.080 GC heap before
{Heap before GC invocations=22 (full 2):
 PSYoungGen      total 22528K, used 22298K [0x00000000d5580000, 0x00000000d6e00000, 0x0000000100000000)
  eden space 21504K, 99% used [0x00000000d5580000,0x00000000d6a7ebb0,0x00000000d6a80000)
  from space 1024K, 78% used [0x00000000d6a80000,0x00000000d6b48000,0x00000000d6b80000)
  to   space 1536K, 0% used [0x00000000d6c80000,0x00000000d6c80000,0x00000000d6e00000)
 ParOldGen       total 68608K, used 24004K [0x0000000080000000, 0x0000000084300000, 0x00000000d5580000)
  object space 68608K, 34% used [0x0000000080000000,0x00000000817711f8,0x0000000084300000)
 Metaspace       used 48703K, committed 49792K, reserved 1114112K
  class space    used 5430K, committed 5888K, reserved 1048576K
}
Event: 34.081 GC heap after
{Heap after GC invocations=22 (full 2):
 PSYoungGen      total 22528K, used 1515K [0x00000000d5580000, 0x00000000d6f80000, 0x0000000100000000)
  eden space 20992K, 0% used [0x00000000d5580000,0x00000000d5580000,0x00000000d6a00000)
  from space 1536K, 98% used [0x00000000d6c80000,0x00000000d6dfadd8,0x00000000d6e00000)
  to   space 2560K, 0% used [0x00000000d6a00000,0x00000000d6a00000,0x00000000d6c80000)
 ParOldGen       total 68608K, used 24708K [0x0000000080000000, 0x0000000084300000, 0x00000000d5580000)
  object space 68608K, 36% used [0x0000000080000000,0x00000000818210e0,0x0000000084300000)
 Metaspace       used 48703K, committed 49792K, reserved 1114112K
  class space    used 5430K, committed 5888K, reserved 1048576K
}
Event: 34.348 GC heap before
{Heap before GC invocations=23 (full 2):
 PSYoungGen      total 22528K, used 22507K [0x00000000d5580000, 0x00000000d6f80000, 0x0000000100000000)
  eden space 20992K, 100% used [0x00000000d5580000,0x00000000d6a00000,0x00000000d6a00000)
  from space 1536K, 98% used [0x00000000d6c80000,0x00000000d6dfadd8,0x00000000d6e00000)
  to   space 2560K, 0% used [0x00000000d6a00000,0x00000000d6a00000,0x00000000d6c80000)
 ParOldGen       total 68608K, used 24708K [0x0000000080000000, 0x0000000084300000, 0x00000000d5580000)
  object space 68608K, 36% used [0x0000000080000000,0x00000000818210e0,0x0000000084300000)
 Metaspace       used 50045K, committed 51200K, reserved 1114112K
  class space    used 5659K, committed 6144K, reserved 1048576K
}
Event: 36.371 GC heap after
{Heap after GC invocations=23 (full 2):
 PSYoungGen      total 23552K, used 2553K [0x00000000d5580000, 0x00000000d6f80000, 0x0000000100000000)
  eden space 20992K, 0% used [0x00000000d5580000,0x00000000d5580000,0x00000000d6a00000)
  from space 2560K, 99% used [0x00000000d6a00000,0x00000000d6c7e690,0x00000000d6c80000)
  to   space 1536K, 0% used [0x00000000d6c80000,0x00000000d6c80000,0x00000000d6e00000)
 ParOldGen       total 68608K, used 31050K [0x0000000080000000, 0x0000000084300000, 0x00000000d5580000)
  object space 68608K, 45% used [0x0000000080000000,0x0000000081e52870,0x0000000084300000)
 Metaspace       used 50045K, committed 51200K, reserved 1114112K
  class space    used 5659K, committed 6144K, reserved 1048576K
}
Event: 36.600 GC heap before
{Heap before GC invocations=24 (full 2):
 PSYoungGen      total 23552K, used 23545K [0x00000000d5580000, 0x00000000d6f80000, 0x0000000100000000)
  eden space 20992K, 100% used [0x00000000d5580000,0x00000000d6a00000,0x00000000d6a00000)
  from space 2560K, 99% used [0x00000000d6a00000,0x00000000d6c7e690,0x00000000d6c80000)
  to   space 1536K, 0% used [0x00000000d6c80000,0x00000000d6c80000,0x00000000d6e00000)
 ParOldGen       total 68608K, used 31050K [0x0000000080000000, 0x0000000084300000, 0x00000000d5580000)
  object space 68608K, 45% used [0x0000000080000000,0x0000000081e52870,0x0000000084300000)
 Metaspace       used 50984K, committed 52160K, reserved 1114112K
  class space    used 5816K, committed 6336K, reserved 1048576K
}
Event: 36.601 GC heap after
{Heap after GC invocations=24 (full 2):
 PSYoungGen      total 20992K, used 832K [0x00000000d5580000, 0x00000000d7200000, 0x0000000100000000)
  eden space 19456K, 0% used [0x00000000d5580000,0x00000000d5580000,0x00000000d6880000)
  from space 1536K, 54% used [0x00000000d6c80000,0x00000000d6d50000,0x00000000d6e00000)
  to   space 4096K, 0% used [0x00000000d6880000,0x00000000d6880000,0x00000000d6c80000)
 ParOldGen       total 68608K, used 33564K [0x0000000080000000, 0x0000000084300000, 0x00000000d5580000)
  object space 68608K, 48% used [0x0000000080000000,0x00000000820c73a8,0x0000000084300000)
 Metaspace       used 50984K, committed 52160K, reserved 1114112K
  class space    used 5816K, committed 6336K, reserved 1048576K
}
Event: 37.050 GC heap before
{Heap before GC invocations=25 (full 2):
 PSYoungGen      total 20992K, used 20288K [0x00000000d5580000, 0x00000000d7200000, 0x0000000100000000)
  eden space 19456K, 100% used [0x00000000d5580000,0x00000000d6880000,0x00000000d6880000)
  from space 1536K, 54% used [0x00000000d6c80000,0x00000000d6d50000,0x00000000d6e00000)
  to   space 4096K, 0% used [0x00000000d6880000,0x00000000d6880000,0x00000000d6c80000)
 ParOldGen       total 68608K, used 33564K [0x0000000080000000, 0x0000000084300000, 0x00000000d5580000)
  object space 68608K, 48% used [0x0000000080000000,0x00000000820c73a8,0x0000000084300000)
 Metaspace       used 51006K, committed 52224K, reserved 1114112K
  class space    used 5817K, committed 6336K, reserved 1048576K
}
Event: 37.052 GC heap after
{Heap after GC invocations=25 (full 2):
 PSYoungGen      total 20480K, used 672K [0x00000000d5580000, 0x00000000d6d00000, 0x0000000100000000)
  eden space 19456K, 0% used [0x00000000d5580000,0x00000000d5580000,0x00000000d6880000)
  from space 1024K, 65% used [0x00000000d6880000,0x00000000d6928000,0x00000000d6980000)
  to   space 1536K, 0% used [0x00000000d6b80000,0x00000000d6b80000,0x00000000d6d00000)
 ParOldGen       total 68608K, used 34245K [0x0000000080000000, 0x0000000084300000, 0x00000000d5580000)
  object space 68608K, 49% used [0x0000000080000000,0x0000000082171758,0x0000000084300000)
 Metaspace       used 51006K, committed 52224K, reserved 1114112K
  class space    used 5817K, committed 6336K, reserved 1048576K
}
Event: 37.421 GC heap before
{Heap before GC invocations=26 (full 2):
 PSYoungGen      total 20480K, used 20128K [0x00000000d5580000, 0x00000000d6d00000, 0x0000000100000000)
  eden space 19456K, 100% used [0x00000000d5580000,0x00000000d6880000,0x00000000d6880000)
  from space 1024K, 65% used [0x00000000d6880000,0x00000000d6928000,0x00000000d6980000)
  to   space 1536K, 0% used [0x00000000d6b80000,0x00000000d6b80000,0x00000000d6d00000)
 ParOldGen       total 68608K, used 34245K [0x0000000080000000, 0x0000000084300000, 0x00000000d5580000)
  object space 68608K, 49% used [0x0000000080000000,0x0000000082171758,0x0000000084300000)
 Metaspace       used 51021K, committed 52224K, reserved 1114112K
  class space    used 5817K, committed 6336K, reserved 1048576K
}
Event: 37.424 GC heap after
{Heap after GC invocations=26 (full 2):
 PSYoungGen      total 18432K, used 1522K [0x00000000d5580000, 0x00000000d7380000, 0x0000000100000000)
  eden space 16896K, 0% used [0x00000000d5580000,0x00000000d5580000,0x00000000d6600000)
  from space 1536K, 99% used [0x00000000d6b80000,0x00000000d6cfcbb0,0x00000000d6d00000)
  to   space 5632K, 0% used [0x00000000d6600000,0x00000000d6600000,0x00000000d6b80000)
 ParOldGen       total 68608K, used 37349K [0x0000000080000000, 0x0000000084300000, 0x00000000d5580000)
  object space 68608K, 54% used [0x0000000080000000,0x0000000082479598,0x0000000084300000)
 Metaspace       used 51021K, committed 52224K, reserved 1114112K
  class space    used 5817K, committed 6336K, reserved 1048576K
}
Event: 38.586 GC heap before
{Heap before GC invocations=27 (full 2):
 PSYoungGen      total 18432K, used 18418K [0x00000000d5580000, 0x00000000d7380000, 0x0000000100000000)
  eden space 16896K, 100% used [0x00000000d5580000,0x00000000d6600000,0x00000000d6600000)
  from space 1536K, 99% used [0x00000000d6b80000,0x00000000d6cfcbb0,0x00000000d6d00000)
  to   space 5632K, 0% used [0x00000000d6600000,0x00000000d6600000,0x00000000d6b80000)
 ParOldGen       total 68608K, used 37349K [0x0000000080000000, 0x0000000084300000, 0x00000000d5580000)
  object space 68608K, 54% used [0x0000000080000000,0x0000000082479598,0x0000000084300000)
 Metaspace       used 51745K, committed 52864K, reserved 1114112K
  class space    used 5970K, committed 6464K, reserved 1048576K
}
Event: 38.587 GC heap after
{Heap after GC invocations=27 (full 2):
 PSYoungGen      total 17920K, used 768K [0x00000000d5580000, 0x00000000d6c00000, 0x0000000100000000)
  eden space 16896K, 0% used [0x00000000d5580000,0x00000000d5580000,0x00000000d6600000)
  from space 1024K, 75% used [0x00000000d6600000,0x00000000d66c0000,0x00000000d6700000)
  to   space 2560K, 0% used [0x00000000d6980000,0x00000000d6980000,0x00000000d6c00000)
 ParOldGen       total 68608K, used 38901K [0x0000000080000000, 0x0000000084300000, 0x00000000d5580000)
  object space 68608K, 56% used [0x0000000080000000,0x00000000825fd438,0x0000000084300000)
 Metaspace       used 51745K, committed 52864K, reserved 1114112K
  class space    used 5970K, committed 6464K, reserved 1048576K
}
Event: 38.738 GC heap before
{Heap before GC invocations=28 (full 2):
 PSYoungGen      total 17920K, used 17664K [0x00000000d5580000, 0x00000000d6c00000, 0x0000000100000000)
  eden space 16896K, 100% used [0x00000000d5580000,0x00000000d6600000,0x00000000d6600000)
  from space 1024K, 75% used [0x00000000d6600000,0x00000000d66c0000,0x00000000d6700000)
  to   space 2560K, 0% used [0x00000000d6980000,0x00000000d6980000,0x00000000d6c00000)
 ParOldGen       total 68608K, used 38901K [0x0000000080000000, 0x0000000084300000, 0x00000000d5580000)
  object space 68608K, 56% used [0x0000000080000000,0x00000000825fd488,0x0000000084300000)
 Metaspace       used 53813K, committed 55104K, reserved 1114112K
  class space    used 6295K, committed 6848K, reserved 1048576K
}
Event: 38.739 GC heap after
{Heap after GC invocations=28 (full 2):
 PSYoungGen      total 17920K, used 672K [0x00000000d5580000, 0x00000000d6a80000, 0x0000000100000000)
  eden space 16896K, 0% used [0x00000000d5580000,0x00000000d5580000,0x00000000d6600000)
  from space 1024K, 65% used [0x00000000d6980000,0x00000000d6a28010,0x00000000d6a80000)
  to   space 1024K, 0% used [0x00000000d6600000,0x00000000d6600000,0x00000000d6700000)
 ParOldGen       total 68608K, used 39557K [0x0000000080000000, 0x0000000084300000, 0x00000000d5580000)
  object space 68608K, 57% used [0x0000000080000000,0x00000000826a14a8,0x0000000084300000)
 Metaspace       used 53813K, committed 55104K, reserved 1114112K
  class space    used 6295K, committed 6848K, reserved 1048576K
}
Event: 38.892 GC heap before
{Heap before GC invocations=29 (full 2):
 PSYoungGen      total 17920K, used 17568K [0x00000000d5580000, 0x00000000d6a80000, 0x0000000100000000)
  eden space 16896K, 100% used [0x00000000d5580000,0x00000000d6600000,0x00000000d6600000)
  from space 1024K, 65% used [0x00000000d6980000,0x00000000d6a28010,0x00000000d6a80000)
  to   space 1024K, 0% used [0x00000000d6600000,0x00000000d6600000,0x00000000d6700000)
 ParOldGen       total 68608K, used 39575K [0x0000000080000000, 0x0000000084300000, 0x00000000d5580000)
  object space 68608K, 57% used [0x0000000080000000,0x00000000826a5e60,0x0000000084300000)
 Metaspace       used 55707K, committed 56960K, reserved 1114112K
  class space    used 6602K, committed 7168K, reserved 1048576K
}
Event: 38.893 GC heap after
{Heap after GC invocations=29 (full 2):
 PSYoungGen      total 17920K, used 608K [0x00000000d5580000, 0x00000000d6a00000, 0x0000000100000000)
  eden space 16896K, 0% used [0x00000000d5580000,0x00000000d5580000,0x00000000d6600000)
  from space 1024K, 59% used [0x00000000d6600000,0x00000000d6698000,0x00000000d6700000)
  to   space 1024K, 0% used [0x00000000d6900000,0x00000000d6900000,0x00000000d6a00000)
 ParOldGen       total 68608K, used 40119K [0x0000000080000000, 0x0000000084300000, 0x00000000d5580000)
  object space 68608K, 58% used [0x0000000080000000,0x000000008272de80,0x0000000084300000)
 Metaspace       used 55707K, committed 56960K, reserved 1114112K
  class space    used 6602K, committed 7168K, reserved 1048576K
}

